<?xml version="1.0" encoding="UTF-8"?>
<!-- Generated by org.testng.reporters.JUnitReportReporter -->
<testsuite skipped="0" hostname="DESKTOP-5AOUB88" name="API_TestCases.API_Tests" tests="1" failures="0" timestamp="04 Mar 2025 03:58:47 GMT" time="4.941" errors="0">
  <testcase name="Test1" time="4.941" classname="API_TestCases.API_Tests"/>
</testsuite> <!-- API_TestCases.API_Tests -->
